生成启动时间为 2016/7/29 17:25:52。
     1>项目“C:\Users\smalldragon\Desktop\DisjointSet\DisjointSet\DisjointSet.vcxproj”在节点 2 上(build 个目标)。
     1>InitializeBuildStatus:
         正在创建“Debug\DisjointSet.unsuccessfulbuild”，因为已指定“AlwaysCreate”。
       ClCompile:
         D:\Microsoft Visual Studio 10.0\VC\bin\CL.exe /c /ZI /nologo /W3 /WX- /Od /Oy- /D WIN32 /D _DEBUG /D _CONSOLE /D _UNICODE /D UNICODE /Gm /EHsc /RTC1 /MDd /GS /fp:precise /Zc:wchar_t /Zc:forScope /Fo"Debug\\" /Fd"Debug\vc100.pdb" /Gd /TP /analyze- /errorReport:prompt main.cpp
         main.cpp
     1>c:\users\smalldragon\desktop\disjointset\disjointset\main.cpp(12): warning C4244: “参数”: 从“time_t”转换到“unsigned int”，可能丢失数据
       ManifestResourceCompile:
         所有输出均为最新。
       Link:
         D:\Microsoft Visual Studio 10.0\VC\bin\link.exe /ERRORREPORT:PROMPT /OUT:"C:\Users\smalldragon\Desktop\DisjointSet\Debug\DisjointSet.exe" /INCREMENTAL /NOLOGO opencv_ml249d.lib opencv_calib3d249d.lib opencv_contrib249d.lib opencv_core249d.lib opencv_features2d249d.lib opencv_flann249d.lib opencv_gpu249d.lib opencv_highgui249d.lib opencv_imgproc249d.lib opencv_legacy249d.lib opencv_objdetect249d.lib opencv_ts249d.lib opencv_video249d.lib opencv_nonfree249d.lib opencv_ocl249d.lib opencv_photo249d.lib opencv_stitching249d.lib opencv_superres249d.lib opencv_videostab249d.lib kernel32.lib user32.lib gdi32.lib winspool.lib comdlg32.lib advapi32.lib shell32.lib ole32.lib oleaut32.lib uuid.lib odbc32.lib odbccp32.lib /MANIFEST /ManifestFile:"Debug\DisjointSet.exe.intermediate.manifest" /MANIFESTUAC:"level='asInvoker' uiAccess='false'" /DEBUG /PDB:"C:\Users\smalldragon\Desktop\DisjointSet\Debug\DisjointSet.pdb" /SUBSYSTEM:CONSOLE /TLBID:1 /DYNAMICBASE /NXCOMPAT /IMPLIB:"C:\Users\smalldragon\Desktop\DisjointSet\Debug\DisjointSet.lib" /MACHINE:X86 Debug\DisjointSet.exe.embed.manifest.res
         Debug\main.obj
         Debug\PointLike.obj
         Debug\RectLike.obj
       Manifest:
         C:\Program Files (x86)\Microsoft SDKs\Windows\v7.0A\bin\mt.exe /nologo /verbose /out:"Debug\DisjointSet.exe.embed.manifest" /manifest Debug\DisjointSet.exe.intermediate.manifest
         所有输出均为最新。
       LinkEmbedManifest:
         所有输出均为最新。
         DisjointSet.vcxproj -> C:\Users\smalldragon\Desktop\DisjointSet\Debug\DisjointSet.exe
       FinalizeBuildStatus:
         正在删除文件“Debug\DisjointSet.unsuccessfulbuild”。
         正在对“Debug\DisjointSet.lastbuildstate”执行 Touch 任务。
     1>已完成生成项目“C:\Users\smalldragon\Desktop\DisjointSet\DisjointSet\DisjointSet.vcxproj”(build 个目标)的操作。

生成成功。

已用时间 00:00:02.15
